-------------------------------------------------------------------------------
Test set: com.example.interview.unit.resource.UserResourceTest
-------------------------------------------------------------------------------
Tests run: 1, Failures: 0, Errors: 1, Skipped: 0, Time elapsed: 0.102 s <<< FAILURE! - in com.example.interview.unit.resource.UserResourceTest
com.example.interview.unit.resource.UserResourceTest  Time elapsed: 0.102 s  <<< ERROR!
java.lang.RuntimeException: java.lang.NoClassDefFoundError: Could not initialize class org.skife.jdbi.cglib.proxy.Enhancer
	at io.dropwizard.testing.junit5.DropwizardExtensionsSupport.beforeAll(DropwizardExtensionsSupport.java:63)
	at org.junit.jupiter.engine.descriptor.ClassTestDescriptor.lambda$invokeBeforeAllCallbacks$8(ClassTestDescriptor.java:361)
	at org.junit.platform.engine.support.hierarchical.ThrowableCollector.execute(ThrowableCollector.java:73)
	at org.junit.jupiter.engine.descriptor.ClassTestDescriptor.invokeBeforeAllCallbacks(ClassTestDescriptor.java:361)
	at org.junit.jupiter.engine.descriptor.ClassTestDescriptor.before(ClassTestDescriptor.java:197)
	at org.junit.jupiter.engine.descriptor.ClassTestDescriptor.before(ClassTestDescriptor.java:77)
	at org.junit.platform.engine.support.hierarchical.NodeTestTask.lambda$executeRecursively$5(NodeTestTask.java:132)
	at org.junit.platform.engine.support.hierarchical.ThrowableCollector.execute(ThrowableCollector.java:73)
	at org.junit.platform.engine.support.hierarchical.NodeTestTask.lambda$executeRecursively$7(NodeTestTask.java:125)
	at org.junit.platform.engine.support.hierarchical.Node.around(Node.java:135)
	at org.junit.platform.engine.support.hierarchical.NodeTestTask.lambda$executeRecursively$8(NodeTestTask.java:123)
	at org.junit.platform.engine.support.hierarchical.ThrowableCollector.execute(ThrowableCollector.java:73)
	at org.junit.platform.engine.support.hierarchical.NodeTestTask.executeRecursively(NodeTestTask.java:122)
	at org.junit.platform.engine.support.hierarchical.NodeTestTask.execute(NodeTestTask.java:80)
	at java.base/java.util.ArrayList.forEach(ArrayList.java:1511)
	at org.junit.platform.engine.support.hierarchical.SameThreadHierarchicalTestExecutorService.invokeAll(SameThreadHierarchicalTestExecutorService.java:38)
	at org.junit.platform.engine.support.hierarchical.NodeTestTask.lambda$executeRecursively$5(NodeTestTask.java:139)
	at org.junit.platform.engine.support.hierarchical.ThrowableCollector.execute(ThrowableCollector.java:73)
	at org.junit.platform.engine.support.hierarchical.NodeTestTask.lambda$executeRecursively$7(NodeTestTask.java:125)
	at org.junit.platform.engine.support.hierarchical.Node.around(Node.java:135)
	at org.junit.platform.engine.support.hierarchical.NodeTestTask.lambda$executeRecursively$8(NodeTestTask.java:123)
	at org.junit.platform.engine.support.hierarchical.ThrowableCollector.execute(ThrowableCollector.java:73)
	at org.junit.platform.engine.support.hierarchical.NodeTestTask.executeRecursively(NodeTestTask.java:122)
	at org.junit.platform.engine.support.hierarchical.NodeTestTask.execute(NodeTestTask.java:80)
	at org.junit.platform.engine.support.hierarchical.SameThreadHierarchicalTestExecutorService.submit(SameThreadHierarchicalTestExecutorService.java:32)
	at org.junit.platform.engine.support.hierarchical.HierarchicalTestExecutor.execute(HierarchicalTestExecutor.java:57)
	at org.junit.platform.engine.support.hierarchical.HierarchicalTestEngine.execute(HierarchicalTestEngine.java:51)
	at org.junit.platform.launcher.core.DefaultLauncher.execute(DefaultLauncher.java:229)
	at org.junit.platform.launcher.core.DefaultLauncher.lambda$execute$6(DefaultLauncher.java:197)
	at org.junit.platform.launcher.core.DefaultLauncher.withInterceptedStreams(DefaultLauncher.java:211)
	at org.junit.platform.launcher.core.DefaultLauncher.execute(DefaultLauncher.java:191)
	at org.junit.platform.launcher.core.DefaultLauncher.execute(DefaultLauncher.java:128)
	at org.apache.maven.surefire.junitplatform.LazyLauncher.execute(LazyLauncher.java:55)
	at org.apache.maven.surefire.junitplatform.JUnitPlatformProvider.execute(JUnitPlatformProvider.java:223)
	at org.apache.maven.surefire.junitplatform.JUnitPlatformProvider.invokeAllTests(JUnitPlatformProvider.java:175)
	at org.apache.maven.surefire.junitplatform.JUnitPlatformProvider.invoke(JUnitPlatformProvider.java:139)
	at org.apache.maven.surefire.booter.ForkedBooter.runSuitesInProcess(ForkedBooter.java:456)
	at org.apache.maven.surefire.booter.ForkedBooter.execute(ForkedBooter.java:169)
	at org.apache.maven.surefire.booter.ForkedBooter.run(ForkedBooter.java:595)
	at org.apache.maven.surefire.booter.ForkedBooter.main(ForkedBooter.java:581)
Caused by: java.lang.NoClassDefFoundError: Could not initialize class org.skife.jdbi.cglib.proxy.Enhancer
	at org.skife.jdbi.v2.sqlobject.SqlObject.buildSqlObject(SqlObject.java:71)
	at org.skife.jdbi.v2.sqlobject.SqlObjectBuilder.onDemand(SqlObjectBuilder.java:64)
	at org.skife.jdbi.v2.DBI.onDemand(DBI.java:415)
	at com.example.interview.InterviewAPIApplication.run(InterviewAPIApplication.java:35)
	at com.example.interview.InterviewAPIApplication.run(InterviewAPIApplication.java:16)
	at io.dropwizard.cli.EnvironmentCommand.run(EnvironmentCommand.java:43)
	at io.dropwizard.cli.ConfiguredCommand.run(ConfiguredCommand.java:87)
	at io.dropwizard.testing.DropwizardTestSupport.startIfRequired(DropwizardTestSupport.java:237)
	at io.dropwizard.testing.DropwizardTestSupport.before(DropwizardTestSupport.java:151)
	at io.dropwizard.testing.junit5.DropwizardAppExtension.before(DropwizardAppExtension.java:157)
	at io.dropwizard.testing.junit5.DropwizardExtensionsSupport.beforeAll(DropwizardExtensionsSupport.java:60)
	... 39 more
Caused by: java.lang.ExceptionInInitializerError: Exception java.lang.IllegalStateException: Unable to load cache item [in thread "main"]
	at org.skife.jdbi.cglib.core.internal.LoadingCache.createEntry(LoadingCache.java:79)
	at org.skife.jdbi.cglib.core.internal.LoadingCache.get(LoadingCache.java:34)
	at org.skife.jdbi.cglib.core.AbstractClassGenerator$ClassLoaderData.get(AbstractClassGenerator.java:105)
	at org.skife.jdbi.cglib.core.AbstractClassGenerator.create(AbstractClassGenerator.java:278)
	at org.skife.jdbi.cglib.core.KeyFactory$Generator.create(KeyFactory.java:221)
	at org.skife.jdbi.cglib.core.KeyFactory.create(KeyFactory.java:174)
	at org.skife.jdbi.cglib.core.KeyFactory.create(KeyFactory.java:153)
	at org.skife.jdbi.cglib.proxy.Enhancer.<clinit>(Enhancer.java:73)
	... 50 more

